<?xml version="1.0" encoding="UTF-8"?>
<testng-results ignored="0" total="1" passed="1" failed="0" skipped="0">
  <reporter-output>
  </reporter-output>
  <suite started-at="2022-01-09T10:42:48 IST" name="Default suite" finished-at="2022-01-09T10:42:54 IST" duration-ms="5524">
    <groups>
    </groups>
    <test started-at="2022-01-09T10:42:48 IST" name="Default test" finished-at="2022-01-09T10:42:54 IST" duration-ms="5524">
      <class name="CURDoperationsGitHubApp.DeleteOperation">
        <test-method signature="deeteOperation()[pri:0, instance:CURDoperationsGitHubApp.DeleteOperation@574b560f]" started-at="2022-01-09T10:42:48 IST" name="deeteOperation" finished-at="2022-01-09T10:42:54 IST" duration-ms="5384" status="PASS">
          <reporter-output>
          </reporter-output>
        </test-method> <!-- deeteOperation -->
      </class> <!-- CURDoperationsGitHubApp.DeleteOperation -->
    </test> <!-- Default test -->
  </suite> <!-- Default suite -->
</testng-results>
