<?xml version="1.0" encoding="UTF-8"?>
<testng-results ignored="0" total="1" passed="1" failed="0" skipped="0">
  <reporter-output>
  </reporter-output>
  <suite started-at="2022-01-16T10:26:56 IST" name="Default suite" finished-at="2022-01-16T10:27:03 IST" duration-ms="6699">
    <groups>
    </groups>
    <test started-at="2022-01-16T10:26:56 IST" name="Default test" finished-at="2022-01-16T10:27:03 IST" duration-ms="6699">
      <class name="jacksonSeralization.Demo">
        <test-method signature="tc1()[pri:0, instance:jacksonSeralization.Demo@71c3b41]" started-at="2022-01-16T10:26:57 IST" name="tc1" finished-at="2022-01-16T10:27:03 IST" duration-ms="6581" status="PASS">
          <reporter-output>
          </reporter-output>
        </test-method> <!-- tc1 -->
      </class> <!-- jacksonSeralization.Demo -->
    </test> <!-- Default test -->
  </suite> <!-- Default suite -->
</testng-results>
